<?xml version="1.0" encoding="UTF-8"?>
<testng-results skipped="0" failed="1" total="16" passed="15">
  <reporter-output>
  </reporter-output>
  <suite name="Suite" duration-ms="434355" started-at="2019-11-06T17:36:45Z" finished-at="2019-11-06T17:43:59Z">
    <groups>
    </groups>
    <test name="Arrays" duration-ms="40752" started-at="2019-11-06T17:36:45Z" finished-at="2019-11-06T17:37:26Z">
      <class name="SeleniumLearn1.SortingArrayTest">
        <test-method status="PASS" signature="addToCartItems()[pri:0, instance:SeleniumLearn1.SortingArrayTest@31d7b7bf]" name="addToCartItems" duration-ms="20024" started-at="2019-11-06T11:36:45Z" finished-at="2019-11-06T11:37:05Z">
          <reporter-output>
          </reporter-output>
        </test-method> <!-- addToCartItems -->
        <test-method status="PASS" signature="sortingOfArray()[pri:0, instance:SeleniumLearn1.SortingArrayTest@31d7b7bf]" name="sortingOfArray" duration-ms="20710" started-at="2019-11-06T11:37:05Z" finished-at="2019-11-06T11:37:26Z">
          <reporter-output>
          </reporter-output>
        </test-method> <!-- sortingOfArray -->
      </class> <!-- SeleniumLearn1.SortingArrayTest -->
    </test> <!-- Arrays -->
    <test name="TravelWebsite" duration-ms="33981" started-at="2019-11-06T17:37:26Z" finished-at="2019-11-06T17:38:00Z">
      <class name="SeleniumLearn1.SpiceJetTest">
        <test-method status="PASS" signature="browserCall()[pri:0, instance:SeleniumLearn1.SpiceJetTest@2f7298b]" name="browserCall" is-config="true" duration-ms="10671" started-at="2019-11-06T11:37:26Z" finished-at="2019-11-06T11:37:37Z">
          <reporter-output>
          </reporter-output>
        </test-method> <!-- browserCall -->
        <test-method status="PASS" signature="MouseOverActions()[pri:0, instance:SeleniumLearn1.SpiceJetTest@2f7298b]" name="MouseOverActions" duration-ms="117" started-at="2019-11-06T11:37:37Z" finished-at="2019-11-06T11:37:37Z">
          <reporter-output>
          </reporter-output>
        </test-method> <!-- MouseOverActions -->
        <test-method status="PASS" signature="RoundTrip()[pri:0, instance:SeleniumLearn1.SpiceJetTest@2f7298b]" name="RoundTrip" duration-ms="19071" started-at="2019-11-06T11:37:37Z" finished-at="2019-11-06T11:37:56Z">
          <reporter-output>
          </reporter-output>
        </test-method> <!-- RoundTrip -->
        <test-method status="PASS" signature="closeBrowser()[pri:0, instance:SeleniumLearn1.SpiceJetTest@2f7298b]" name="closeBrowser" is-config="true" duration-ms="4121" started-at="2019-11-06T11:37:56Z" finished-at="2019-11-06T11:38:00Z">
          <reporter-output>
          </reporter-output>
        </test-method> <!-- closeBrowser -->
      </class> <!-- SeleniumLearn1.SpiceJetTest -->
    </test> <!-- TravelWebsite -->
    <test name="Actions" duration-ms="46049" started-at="2019-11-06T17:38:00Z" finished-at="2019-11-06T17:38:46Z">
      <class name="SeleniumLearn1.ActionsClassTest">
        <test-method status="PASS" signature="ActionsClassPrctice()[pri:0, instance:SeleniumLearn1.ActionsClassTest@7714e963]" name="ActionsClassPrctice" duration-ms="24938" started-at="2019-11-06T11:38:00Z" finished-at="2019-11-06T11:38:25Z">
          <reporter-output>
          </reporter-output>
        </test-method> <!-- ActionsClassPrctice -->
        <test-method status="PASS" signature="FramesPractice()[pri:0, instance:SeleniumLearn1.ActionsClassTest@7714e963]" name="FramesPractice" duration-ms="9320" started-at="2019-11-06T11:38:25Z" finished-at="2019-11-06T11:38:34Z">
          <reporter-output>
          </reporter-output>
        </test-method> <!-- FramesPractice -->
        <test-method status="PASS" signature="MultipleWindows()[pri:0, instance:SeleniumLearn1.ActionsClassTest@7714e963]" name="MultipleWindows" duration-ms="11600" started-at="2019-11-06T11:38:34Z" finished-at="2019-11-06T11:38:46Z">
          <reporter-output>
          </reporter-output>
        </test-method> <!-- MultipleWindows -->
        <test-method status="PASS" signature="closeBrowser()[pri:0, instance:SeleniumLearn1.ActionsClassTest@7714e963]" name="closeBrowser" is-config="true" duration-ms="189" started-at="2019-11-06T11:38:46Z" finished-at="2019-11-06T11:38:46Z">
          <reporter-output>
          </reporter-output>
        </test-method> <!-- closeBrowser -->
      </class> <!-- SeleniumLearn1.ActionsClassTest -->
    </test> <!-- Actions -->
    <test name="Miscellaneous" duration-ms="35113" started-at="2019-11-06T17:38:46Z" finished-at="2019-11-06T17:39:21Z">
      <class name="SeleniumLearn1.MiscellaneousTest">
        <test-method status="PASS" signature="TableGrid()[pri:0, instance:SeleniumLearn1.MiscellaneousTest@72057ecf]" name="TableGrid" duration-ms="34148" started-at="2019-11-06T11:38:46Z" finished-at="2019-11-06T11:39:20Z">
          <reporter-output>
          </reporter-output>
        </test-method> <!-- TableGrid -->
        <test-method status="PASS" signature="closeBrowser()[pri:0, instance:SeleniumLearn1.MiscellaneousTest@72057ecf]" name="closeBrowser" is-config="true" duration-ms="965" started-at="2019-11-06T11:39:20Z" finished-at="2019-11-06T11:39:21Z">
          <reporter-output>
          </reporter-output>
        </test-method> <!-- closeBrowser -->
      </class> <!-- SeleniumLearn1.MiscellaneousTest -->
    </test> <!-- Miscellaneous -->
    <test name="LinksCount" duration-ms="64559" started-at="2019-11-06T17:39:21Z" finished-at="2019-11-06T17:40:26Z">
      <class name="SeleniumLearn1.LinksCountTest">
        <test-method status="PASS" signature="browserCall()[pri:0, instance:SeleniumLearn1.LinksCountTest@40ef3420]" name="browserCall" is-config="true" duration-ms="32504" started-at="2019-11-06T11:39:21Z" finished-at="2019-11-06T11:39:54Z">
          <reporter-output>
          </reporter-output>
        </test-method> <!-- browserCall -->
        <test-method status="FAIL" signature="LinkCounts()[pri:0, instance:SeleniumLearn1.LinksCountTest@40ef3420]" name="LinkCounts" duration-ms="28445" started-at="2019-11-06T11:39:54Z" finished-at="2019-11-06T11:40:22Z">
          <exception class="java.lang.AssertionError">
            <message>
              <![CDATA[expected [false] but found [true]]]>
            </message>
            <full-stacktrace>
              <![CDATA[java.lang.AssertionError: expected [false] but found [true]
	at org.testng.Assert.fail(Assert.java:94)
	at org.testng.Assert.failNotEquals(Assert.java:494)
	at org.testng.Assert.assertFalse(Assert.java:63)
	at org.testng.Assert.assertFalse(Assert.java:73)
	at SeleniumLearn1.LinksCountTest.LinkCounts(LinksCountTest.java:64)
	at sun.reflect.NativeMethodAccessorImpl.invoke0(Native Method)
	at sun.reflect.NativeMethodAccessorImpl.invoke(NativeMethodAccessorImpl.java:62)
	at sun.reflect.DelegatingMethodAccessorImpl.invoke(DelegatingMethodAccessorImpl.java:43)
	at java.lang.reflect.Method.invoke(Method.java:498)
	at org.testng.internal.MethodInvocationHelper.invokeMethod(MethodInvocationHelper.java:80)
	at org.testng.internal.Invoker.invokeMethod(Invoker.java:714)
	at org.testng.internal.Invoker.invokeTestMethod(Invoker.java:901)
	at org.testng.internal.Invoker.invokeTestMethods(Invoker.java:1231)
	at org.testng.internal.TestMethodWorker.invokeTestMethods(TestMethodWorker.java:127)
	at org.testng.internal.TestMethodWorker.run(TestMethodWorker.java:111)
	at org.testng.TestRunner.privateRun(TestRunner.java:767)
	at org.testng.TestRunner.run(TestRunner.java:617)
	at org.testng.SuiteRunner.runTest(SuiteRunner.java:334)
	at org.testng.SuiteRunner.runSequentially(SuiteRunner.java:329)
	at org.testng.SuiteRunner.privateRun(SuiteRunner.java:291)
	at org.testng.SuiteRunner.run(SuiteRunner.java:240)
	at org.testng.SuiteRunnerWorker.runSuite(SuiteRunnerWorker.java:52)
	at org.testng.SuiteRunnerWorker.run(SuiteRunnerWorker.java:86)
	at org.testng.TestNG.runSuitesSequentially(TestNG.java:1198)
	at org.testng.TestNG.runSuitesLocally(TestNG.java:1123)
	at org.testng.TestNG.run(TestNG.java:1031)
	at org.apache.maven.surefire.testng.TestNGExecutor.run(TestNGExecutor.java:283)
	at org.apache.maven.surefire.testng.TestNGXmlTestSuite.execute(TestNGXmlTestSuite.java:75)
	at org.apache.maven.surefire.testng.TestNGProvider.invoke(TestNGProvider.java:120)
	at org.apache.maven.surefire.booter.ForkedBooter.invokeProviderInSameClassLoader(ForkedBooter.java:384)
	at org.apache.maven.surefire.booter.ForkedBooter.runSuitesInProcess(ForkedBooter.java:345)
	at org.apache.maven.surefire.booter.ForkedBooter.execute(ForkedBooter.java:126)
	at org.apache.maven.surefire.booter.ForkedBooter.main(ForkedBooter.java:418)
]]>
            </full-stacktrace>
          </exception> <!-- java.lang.AssertionError -->
          <reporter-output>
          </reporter-output>
        </test-method> <!-- LinkCounts -->
        <test-method status="PASS" signature="TearDown()[pri:0, instance:SeleniumLearn1.LinksCountTest@40ef3420]" name="TearDown" is-config="true" duration-ms="1318" started-at="2019-11-06T11:40:24Z" finished-at="2019-11-06T11:40:26Z">
          <reporter-output>
          </reporter-output>
        </test-method> <!-- TearDown -->
      </class> <!-- SeleniumLearn1.LinksCountTest -->
    </test> <!-- LinksCount -->
    <test name="QAClickAcademy" duration-ms="213469" started-at="2019-11-06T17:40:26Z" finished-at="2019-11-06T17:43:59Z">
      <class name="SeleniumLearn1.QAClickAcademyTest">
        <test-method status="PASS" signature="AlertExample()[pri:0, instance:SeleniumLearn1.QAClickAcademyTest@384ad17b]" name="AlertExample" duration-ms="34399" started-at="2019-11-06T11:40:26Z" finished-at="2019-11-06T11:41:00Z">
          <reporter-output>
          </reporter-output>
        </test-method> <!-- AlertExample -->
        <test-method status="PASS" signature="AutoSuggestive()[pri:0, instance:SeleniumLearn1.QAClickAcademyTest@384ad17b]" name="AutoSuggestive" duration-ms="32893" started-at="2019-11-06T11:41:00Z" finished-at="2019-11-06T11:41:33Z">
          <reporter-output>
          </reporter-output>
        </test-method> <!-- AutoSuggestive -->
        <test-method status="PASS" signature="CheckBoxPractice()[pri:0, instance:SeleniumLearn1.QAClickAcademyTest@384ad17b]" name="CheckBoxPractice" duration-ms="21004" started-at="2019-11-06T11:41:33Z" finished-at="2019-11-06T11:41:54Z">
          <reporter-output>
          </reporter-output>
        </test-method> <!-- CheckBoxPractice -->
        <test-method status="PASS" signature="NavigationBarIsDisplayed()[pri:0, instance:SeleniumLearn1.QAClickAcademyTest@384ad17b]" name="NavigationBarIsDisplayed" duration-ms="12940" started-at="2019-11-06T11:41:54Z" finished-at="2019-11-06T11:42:07Z">
          <reporter-output>
          </reporter-output>
        </test-method> <!-- NavigationBarIsDisplayed -->
        <test-method status="PASS" signature="TablesRowColumnCount()[pri:0, instance:SeleniumLearn1.QAClickAcademyTest@384ad17b]" name="TablesRowColumnCount" duration-ms="13962" started-at="2019-11-06T11:42:07Z" finished-at="2019-11-06T11:42:21Z">
          <reporter-output>
          </reporter-output>
        </test-method> <!-- TablesRowColumnCount -->
        <test-method status="PASS" signature="parametrizationExample(java.lang.String, java.lang.String)[pri:0, instance:SeleniumLearn1.QAClickAcademyTest@384ad17b]" name="parametrizationExample" duration-ms="40400" started-at="2019-11-06T11:42:21Z" data-provider="getData" finished-at="2019-11-06T11:43:02Z">
          <params>
            <param index="0">
              <value>
                <![CDATA[first@email]]>
              </value>
            </param>
            <param index="1">
              <value>
                <![CDATA[first@pwd]]>
              </value>
            </param>
          </params>
          <reporter-output>
          </reporter-output>
        </test-method> <!-- parametrizationExample -->
        <test-method status="PASS" signature="parametrizationExample(java.lang.String, java.lang.String)[pri:0, instance:SeleniumLearn1.QAClickAcademyTest@384ad17b]" name="parametrizationExample" duration-ms="57866" started-at="2019-11-06T11:43:02Z" data-provider="getData" finished-at="2019-11-06T11:43:59Z">
          <params>
            <param index="0">
              <value>
                <![CDATA[second@email]]>
              </value>
            </param>
            <param index="1">
              <value>
                <![CDATA[second@pwd]]>
              </value>
            </param>
          </params>
          <reporter-output>
          </reporter-output>
        </test-method> <!-- parametrizationExample -->
      </class> <!-- SeleniumLearn1.QAClickAcademyTest -->
    </test> <!-- QAClickAcademy -->
  </suite> <!-- Suite -->
</testng-results>
